[08-Oct-2015 13:53:05 UTC] PHP Warning:  include(../includes/layout/header.php): failed to open stream: No such file or directory in /home/ubuntu/workspace/public/manage_content.php on line 1
[08-Oct-2015 13:53:05 UTC] PHP Stack trace:
[08-Oct-2015 13:53:05 UTC] PHP   1. {main}() /home/ubuntu/workspace/public/manage_content.php:0
[08-Oct-2015 13:53:05 UTC] PHP Warning:  include(): Failed opening '../includes/layout/header.php' for inclusion (include_path='.:/usr/share/php:/usr/share/pear') in /home/ubuntu/workspace/public/manage_content.php on line 1
[08-Oct-2015 13:53:05 UTC] PHP Stack trace:
[08-Oct-2015 13:53:05 UTC] PHP   1. {main}() /home/ubuntu/workspace/public/manage_content.php:0
[08-Oct-2015 13:53:05 UTC] PHP Warning:  include(../includes/layout/footer.php): failed to open stream: No such file or directory in /home/ubuntu/workspace/public/manage_content.php on line 7
[08-Oct-2015 13:53:05 UTC] PHP Stack trace:
[08-Oct-2015 13:53:05 UTC] PHP   1. {main}() /home/ubuntu/workspace/public/manage_content.php:0
[08-Oct-2015 13:53:05 UTC] PHP Warning:  include(): Failed opening '../includes/layout/footer.php' for inclusion (include_path='.:/usr/share/php:/usr/share/pear') in /home/ubuntu/workspace/public/manage_content.php on line 7
[08-Oct-2015 13:53:05 UTC] PHP Stack trace:
[08-Oct-2015 13:53:05 UTC] PHP   1. {main}() /home/ubuntu/workspace/public/manage_content.php:0
[08-Oct-2015 13:53:45 UTC] PHP Warning:  include(../includes/layout/header.php): failed to open stream: No such file or directory in /home/ubuntu/workspace/public/manage_content.php on line 1
[08-Oct-2015 13:53:45 UTC] PHP Stack trace:
[08-Oct-2015 13:53:45 UTC] PHP   1. {main}() /home/ubuntu/workspace/public/manage_content.php:0
[08-Oct-2015 13:53:45 UTC] PHP Warning:  include(): Failed opening '../includes/layout/header.php' for inclusion (include_path='.:/usr/share/php:/usr/share/pear') in /home/ubuntu/workspace/public/manage_content.php on line 1
[08-Oct-2015 13:53:45 UTC] PHP Stack trace:
[08-Oct-2015 13:53:45 UTC] PHP   1. {main}() /home/ubuntu/workspace/public/manage_content.php:0
[08-Oct-2015 13:53:45 UTC] PHP Warning:  include(../includes/layout/footer.php): failed to open stream: No such file or directory in /home/ubuntu/workspace/public/manage_content.php on line 7
[08-Oct-2015 13:53:45 UTC] PHP Stack trace:
[08-Oct-2015 13:53:45 UTC] PHP   1. {main}() /home/ubuntu/workspace/public/manage_content.php:0
[08-Oct-2015 13:53:45 UTC] PHP Warning:  include(): Failed opening '../includes/layout/footer.php' for inclusion (include_path='.:/usr/share/php:/usr/share/pear') in /home/ubuntu/workspace/public/manage_content.php on line 7
[08-Oct-2015 13:53:45 UTC] PHP Stack trace:
[08-Oct-2015 13:53:45 UTC] PHP   1. {main}() /home/ubuntu/workspace/public/manage_content.php:0
[08-Oct-2015 13:54:14 UTC] PHP Warning:  include(./includes/layout/header.php): failed to open stream: No such file or directory in /home/ubuntu/workspace/public/manage_content.php on line 1
[08-Oct-2015 13:54:14 UTC] PHP Stack trace:
[08-Oct-2015 13:54:14 UTC] PHP   1. {main}() /home/ubuntu/workspace/public/manage_content.php:0
[08-Oct-2015 13:54:14 UTC] PHP Warning:  include(): Failed opening './includes/layout/header.php' for inclusion (include_path='.:/usr/share/php:/usr/share/pear') in /home/ubuntu/workspace/public/manage_content.php on line 1
[08-Oct-2015 13:54:14 UTC] PHP Stack trace:
[08-Oct-2015 13:54:14 UTC] PHP   1. {main}() /home/ubuntu/workspace/public/manage_content.php:0
[08-Oct-2015 13:54:14 UTC] PHP Warning:  include(./includes/layout/footer.php): failed to open stream: No such file or directory in /home/ubuntu/workspace/public/manage_content.php on line 7
[08-Oct-2015 13:54:14 UTC] PHP Stack trace:
[08-Oct-2015 13:54:14 UTC] PHP   1. {main}() /home/ubuntu/workspace/public/manage_content.php:0
[08-Oct-2015 13:54:14 UTC] PHP Warning:  include(): Failed opening './includes/layout/footer.php' for inclusion (include_path='.:/usr/share/php:/usr/share/pear') in /home/ubuntu/workspace/public/manage_content.php on line 7
[08-Oct-2015 13:54:14 UTC] PHP Stack trace:
[08-Oct-2015 13:54:14 UTC] PHP   1. {main}() /home/ubuntu/workspace/public/manage_content.php:0
[08-Oct-2015 14:00:58 UTC] PHP Warning:  include(../functions.php): failed to open stream: No such file or directory in /home/ubuntu/workspace/includes/layouts/header.php on line 1
[08-Oct-2015 14:00:58 UTC] PHP Stack trace:
[08-Oct-2015 14:00:58 UTC] PHP   1. {main}() /home/ubuntu/workspace/public/admin.php:0
[08-Oct-2015 14:00:58 UTC] PHP   2. include() /home/ubuntu/workspace/public/admin.php:1
[08-Oct-2015 14:00:58 UTC] PHP Warning:  include(): Failed opening '../functions.php' for inclusion (include_path='.:/usr/share/php:/usr/share/pear') in /home/ubuntu/workspace/includes/layouts/header.php on line 1
[08-Oct-2015 14:00:58 UTC] PHP Stack trace:
[08-Oct-2015 14:00:58 UTC] PHP   1. {main}() /home/ubuntu/workspace/public/admin.php:0
[08-Oct-2015 14:00:58 UTC] PHP   2. include() /home/ubuntu/workspace/public/admin.php:1
[08-Oct-2015 14:01:22 UTC] PHP Warning:  include(./functions.php): failed to open stream: No such file or directory in /home/ubuntu/workspace/includes/layouts/header.php on line 1
[08-Oct-2015 14:01:22 UTC] PHP Stack trace:
[08-Oct-2015 14:01:22 UTC] PHP   1. {main}() /home/ubuntu/workspace/public/admin.php:0
[08-Oct-2015 14:01:22 UTC] PHP   2. include() /home/ubuntu/workspace/public/admin.php:1
[08-Oct-2015 14:01:22 UTC] PHP Warning:  include(): Failed opening './functions.php' for inclusion (include_path='.:/usr/share/php:/usr/share/pear') in /home/ubuntu/workspace/includes/layouts/header.php on line 1
[08-Oct-2015 14:01:22 UTC] PHP Stack trace:
[08-Oct-2015 14:01:22 UTC] PHP   1. {main}() /home/ubuntu/workspace/public/admin.php:0
[08-Oct-2015 14:01:22 UTC] PHP   2. include() /home/ubuntu/workspace/public/admin.php:1
[08-Oct-2015 14:03:21 UTC] PHP Parse error:  syntax error, unexpected '=' in /home/ubuntu/workspace/includes/functions.php on line 7
[08-Oct-2015 14:03:21 UTC] PHP Stack trace:
[08-Oct-2015 14:03:21 UTC] PHP   1. {main}() /home/ubuntu/workspace/public/admin.php:0
[08-Oct-2015 16:04:37 UTC] PHP Warning:  mysqli_fetch_assoc() expects parameter 1 to be mysqli_result, null given in /home/ubuntu/workspace/public/manage_content.php on line 38
[08-Oct-2015 16:04:37 UTC] PHP Stack trace:
[08-Oct-2015 16:04:37 UTC] PHP   1. {main}() /home/ubuntu/workspace/public/manage_content.php:0
[08-Oct-2015 16:04:37 UTC] PHP   2. mysqli_fetch_assoc() /home/ubuntu/workspace/public/manage_content.php:38
[08-Oct-2015 16:47:25 UTC] PHP Warning:  mysqli_connect(): (HY000/1045): Access denied for user 'BB_USER'@'localhost' (using password: YES) in /home/ubuntu/workspace/includes/db_connection.php on line 10
[08-Oct-2015 16:47:25 UTC] PHP Stack trace:
[08-Oct-2015 16:47:25 UTC] PHP   1. {main}() /home/ubuntu/workspace/public/manage_content.php:0
[08-Oct-2015 16:47:25 UTC] PHP   2. require_once() /home/ubuntu/workspace/public/manage_content.php:1
[08-Oct-2015 16:47:25 UTC] PHP   3. mysqli_connect() /home/ubuntu/workspace/includes/db_connection.php:10
[08-Oct-2015 16:47:25 UTC] PHP Fatal error:  Call to undefined function mysql_connect_errno() in /home/ubuntu/workspace/includes/db_connection.php on line 15
[08-Oct-2015 16:47:25 UTC] PHP Stack trace:
[08-Oct-2015 16:47:25 UTC] PHP   1. {main}() /home/ubuntu/workspace/public/manage_content.php:0
[08-Oct-2015 16:47:25 UTC] PHP   2. require_once() /home/ubuntu/workspace/public/manage_content.php:1
